This is pdfTeX, Version 3.141592-1.40.4 (MiKTeX 2.7) (preloaded format=pdflatex 2008.2.19)  7 MAY 2008 22:28
entering extended mode
**autodemo-.tex
(autodemo-.tex
LaTeX2e <2005/12/01>
Babel <v3.8h> and hyphenation patterns for english, dumylang, nohyphenation, ge
rman, ngerman, french, loaded.
File: autodemo-.tex 2008/04/19 what's missing without autoarea.sty
(autodemo.tex
File: autodemo.tex 2008/04/19 common sample for autoarea.sty
 ("C:\Programme\MiKTeX 2.7\tex\latex\base\article.cls"
Document Class: article 2005/09/16 v1.4f Standard LaTeX document class
("C:\Programme\MiKTeX 2.7\tex\latex\base\size12.clo"
File: size12.clo 2005/09/16 v1.4f Standard LaTeX file (size option)
)
\c@part=\count79
\c@section=\count80
\c@subsection=\count81
\c@subsubsection=\count82
\c@paragraph=\count83
\c@subparagraph=\count84
\c@figure=\count85
\c@table=\count86
\abovecaptionskip=\skip41
\belowcaptionskip=\skip42
\bibindent=\dimen102
)
("C:\Programme\MiKTeX 2.7\tex\generic\pictex\pictex.sty"
("C:\Programme\MiKTeX 2.7\tex\generic\pictex\prepictex.tex")
("C:\Programme\MiKTeX 2.7\tex\generic\pictex\pictex.tex")
("C:\Programme\MiKTeX 2.7\tex\generic\pictex\postpictex.tex")
("C:\Programme\MiKTeX 2.7\tex\generic\pictex\picmore.tex"))
("C:\Programme\MiKTeX 2.7\tex\latex\lipsum\lipsum.sty"
Package: lipsum 2005/01/26 v1.0 150 paragraphs of Lorem Ipsum dummy text
File: lipsum.dtx 2005/01/26 v1.0 150 paragraphs of Lorem Ipsum dummy text
\c@lips@count=\count103
)
No auxiliary output files.

No file autodemo-.aux.
LaTeX Font Info:    Checking defaults for OML/cmm/m/it on input line 8.
LaTeX Font Info:    ... okay on input line 8.
LaTeX Font Info:    Checking defaults for T1/cmr/m/n on input line 8.
LaTeX Font Info:    ... okay on input line 8.
LaTeX Font Info:    Checking defaults for OT1/cmr/m/n on input line 8.
LaTeX Font Info:    ... okay on input line 8.
LaTeX Font Info:    Checking defaults for OMS/cmsy/m/n on input line 8.
LaTeX Font Info:    ... okay on input line 8.
LaTeX Font Info:    Checking defaults for OMX/cmex/m/n on input line 8.
LaTeX Font Info:    ... okay on input line 8.
LaTeX Font Info:    Checking defaults for U/cmr/m/n on input line 8.
LaTeX Font Info:    ... okay on input line 8.
LaTeX Font Info:    External font `cmex10' loaded for size
(Font)              <12> on input line 10.
LaTeX Font Info:    External font `cmex10' loaded for size
(Font)              <8> on input line 10.
LaTeX Font Info:    External font `cmex10' loaded for size
(Font)              <6> on input line 10.
[1

{C:/Dokumente und Einstellungen/akuehne/Lokale Einstellungen/Anwendungsdaten/Mi
KTeX/2.7/pdftex/config/pdftex.map}] ) ) 
Here is how much of TeX's memory you used:
 1046 strings out of 95340
 10812 string characters out of 1184281
 171053 words of memory out of 1500000
 4288 multiletter control sequences out of 110000
 7336 words of font info for 26 fonts, out of 1200000 for 2000
 14 hyphenation exceptions out of 8191
 23i,4n,19p,256b,207s stack positions out of 5000i,500n,10000p,200000b,5000s
<C:/Programme/MiKTeX 2.7/fonts/type1/blu
esky/cm/cmbxti10.pfb><C:/Programme/MiKTeX 2.7/fonts/type1/bluesky/cm/cmr12.pfb>
<C:/Programme/MiKTeX 2.7/fonts/type1/bluesky/cm/cmr5.pfb><C:/Programme/MiKTeX 2
.7/fonts/type1/bluesky/cm/cmssbx10.pfb>
Output written on autodemo-.pdf (1 page, 25493 bytes).
PDF statistics:
 22 PDF objects out of 1000 (max. 8388607)
 0 named destinations out of 1000 (max. 131072)
 1 words of extra memory for PDF output out of 10000 (max. 10000000)

